e:\realsense\project\emotion classifier\consoleapplication4\debug\vc140.pdb
e:\realsense\project\emotion classifier\consoleapplication4\debug\vc140.idb
e:\realsense\project\emotion classifier\consoleapplication4\debug\anglefeature.obj
e:\realsense\project\emotion classifier\consoleapplication4\debug\euclideanfeature.obj
e:\realsense\project\emotion classifier\consoleapplication4\debug\feature.obj
e:\realsense\project\emotion classifier\consoleapplication4\debug\featurestate.obj
e:\realsense\project\emotion classifier\consoleapplication4\debug\main.obj
e:\realsense\project\emotion classifier\consoleapplication4\debug\pxcfacedata.obj
e:\realsense\project\emotion classifier\consoleapplication4\debug\readdata.obj
e:\realsense\project\emotion classifier\debug\emotion classifier.ilk
e:\realsense\project\emotion classifier\debug\emotion classifier.exe
e:\realsense\project\emotion classifier\debug\emotion classifier.pdb
e:\realsense\project\emotion classifier\consoleapplication4\debug\facedata.obj
e:\realsense\project\emotion classifier\consoleapplication4\debug\happystate.obj
e:\realsense\project\emotion classifier\consoleapplication4\debug\emotion .67095349.tlog\cl.command.1.tlog
e:\realsense\project\emotion classifier\consoleapplication4\debug\emotion .67095349.tlog\cl.read.1.tlog
e:\realsense\project\emotion classifier\consoleapplication4\debug\emotion .67095349.tlog\cl.write.1.tlog
e:\realsense\project\emotion classifier\consoleapplication4\debug\emotion .67095349.tlog\link.command.1.tlog
e:\realsense\project\emotion classifier\consoleapplication4\debug\emotion .67095349.tlog\link.read.1.tlog
e:\realsense\project\emotion classifier\consoleapplication4\debug\emotion .67095349.tlog\link.write.1.tlog
